1607897269514	geckodriver	INFO	Listening on 127.0.0.1:55119
1607897269524	mozrunner::runner	INFO	Running command: "/Applications/Firefox.app/Contents/MacOS/firefox-bin" "--marionette" "-foreground" "-no-remote" "-profile" "/var/folders/cv/xqmn6z1x6l39r_575wkj9b780000gn/T/rust_mozprofilehsxy3E"
1607897270114	addons.webextension.screenshots@mozilla.org	WARN	Loading extension 'screenshots@mozilla.org': Reading manifest: Invalid extension permission: mozillaAddons
1607897270114	addons.webextension.screenshots@mozilla.org	WARN	Loading extension 'screenshots@mozilla.org': Reading manifest: Invalid extension permission: telemetry
1607897270114	addons.webextension.screenshots@mozilla.org	WARN	Loading extension 'screenshots@mozilla.org': Reading manifest: Invalid extension permission: resource://pdf.js/
1607897270114	addons.webextension.screenshots@mozilla.org	WARN	Loading extension 'screenshots@mozilla.org': Reading manifest: Invalid extension permission: about:reader*
1607897272436	Marionette	INFO	Listening on port 55128
1607897272470	Marionette	WARN	TLS certificate errors will be ignored for this session
JavaScript warning: https://access.caltech.edu/res/access.caltech-cit_auth/js/jquery-1-3-2.min.js, line 19: unreachable code after return statement
JavaScript warning: https://access.caltech.edu/res/oracle/OA_HTML/US/CITSSS/webenr/webenrValidate.js, line 131: unreachable code after return statement
1607897773668	Marionette	INFO	Stopped listening on port 55128
1607897782062	geckodriver	INFO	Listening on 127.0.0.1:55227
1607897783085	mozrunner::runner	INFO	Running command: "/Applications/Firefox.app/Contents/MacOS/firefox-bin" "--marionette" "-foreground" "-no-remote" "-profile" "/var/folders/cv/xqmn6z1x6l39r_575wkj9b780000gn/T/rust_mozprofile5y3phi"
1607897783698	addons.webextension.screenshots@mozilla.org	WARN	Loading extension 'screenshots@mozilla.org': Reading manifest: Invalid extension permission: mozillaAddons
1607897783699	addons.webextension.screenshots@mozilla.org	WARN	Loading extension 'screenshots@mozilla.org': Reading manifest: Invalid extension permission: telemetry
1607897783699	addons.webextension.screenshots@mozilla.org	WARN	Loading extension 'screenshots@mozilla.org': Reading manifest: Invalid extension permission: resource://pdf.js/
1607897783699	addons.webextension.screenshots@mozilla.org	WARN	Loading extension 'screenshots@mozilla.org': Reading manifest: Invalid extension permission: about:reader*
1607897785877	Marionette	INFO	Listening on port 55238
1607897785947	Marionette	WARN	TLS certificate errors will be ignored for this session
JavaScript warning: https://access.caltech.edu/res/access.caltech-cit_auth/js/jquery-1-3-2.min.js, line 19: unreachable code after return statement
JavaScript warning: https://access.caltech.edu/res/oracle/OA_HTML/US/CITSSS/webenr/webenrValidate.js, line 131: unreachable code after return statement
JavaScript warning: https://access.caltech.edu/res/oracle/OA_HTML/US/CITSSS/webenr/webenrValidate.js, line 131: unreachable code after return statement
1607898468914	Marionette	INFO	Stopped listening on port 55238
1607898658858	geckodriver	INFO	Listening on 127.0.0.1:55436
1607898659872	mozrunner::runner	INFO	Running command: "/Applications/Firefox.app/Contents/MacOS/firefox-bin" "--marionette" "-foreground" "-no-remote" "-profile" "/var/folders/cv/xqmn6z1x6l39r_575wkj9b780000gn/T/rust_mozprofileIQZ2wA"
1607898660369	addons.webextension.screenshots@mozilla.org	WARN	Loading extension 'screenshots@mozilla.org': Reading manifest: Invalid extension permission: mozillaAddons
1607898660369	addons.webextension.screenshots@mozilla.org	WARN	Loading extension 'screenshots@mozilla.org': Reading manifest: Invalid extension permission: telemetry
1607898660369	addons.webextension.screenshots@mozilla.org	WARN	Loading extension 'screenshots@mozilla.org': Reading manifest: Invalid extension permission: resource://pdf.js/
1607898660369	addons.webextension.screenshots@mozilla.org	WARN	Loading extension 'screenshots@mozilla.org': Reading manifest: Invalid extension permission: about:reader*
1607898662479	Marionette	INFO	Listening on port 55447
1607898662535	Marionette	WARN	TLS certificate errors will be ignored for this session
JavaScript warning: https://access.caltech.edu/res/access.caltech-cit_auth/js/jquery-1-3-2.min.js, line 19: unreachable code after return statement
JavaScript warning: https://access.caltech.edu/res/oracle/OA_HTML/US/CITSSS/webenr/webenrValidate.js, line 131: unreachable code after return statement
JavaScript warning: https://access.caltech.edu/res/oracle/OA_HTML/US/CITSSS/webenr/webenrValidate.js, line 131: unreachable code after return statement
JavaScript warning: https://access.caltech.edu/res/oracle/OA_HTML/US/CITSSS/webenr/webenrValidate.js, line 131: unreachable code after return statement
1607899585545	Marionette	INFO	Stopped listening on port 55447
1607899865876	geckodriver	INFO	Listening on 127.0.0.1:55678
1607899865893	mozrunner::runner	INFO	Running command: "/Applications/Firefox.app/Contents/MacOS/firefox-bin" "--marionette" "-foreground" "-no-remote" "-profile" "/var/folders/cv/xqmn6z1x6l39r_575wkj9b780000gn/T/rust_mozprofileMLqtpY"
1607899866375	addons.webextension.screenshots@mozilla.org	WARN	Loading extension 'screenshots@mozilla.org': Reading manifest: Invalid extension permission: mozillaAddons
1607899866376	addons.webextension.screenshots@mozilla.org	WARN	Loading extension 'screenshots@mozilla.org': Reading manifest: Invalid extension permission: telemetry
1607899866376	addons.webextension.screenshots@mozilla.org	WARN	Loading extension 'screenshots@mozilla.org': Reading manifest: Invalid extension permission: resource://pdf.js/
1607899866376	addons.webextension.screenshots@mozilla.org	WARN	Loading extension 'screenshots@mozilla.org': Reading manifest: Invalid extension permission: about:reader*
1607899868489	Marionette	INFO	Listening on port 55687
1607899868551	Marionette	WARN	TLS certificate errors will be ignored for this session
JavaScript warning: https://access.caltech.edu/res/access.caltech-cit_auth/js/jquery-1-3-2.min.js, line 19: unreachable code after return statement
JavaScript warning: https://access.caltech.edu/res/oracle/OA_HTML/US/CITSSS/webenr/webenrValidate.js, line 131: unreachable code after return statement
1607899954763	Marionette	INFO	Stopped listening on port 55687
1607900057264	geckodriver	INFO	Listening on 127.0.0.1:55740
1607900058283	mozrunner::runner	INFO	Running command: "/Applications/Firefox.app/Contents/MacOS/firefox-bin" "--marionette" "-foreground" "-no-remote" "-profile" "/var/folders/cv/xqmn6z1x6l39r_575wkj9b780000gn/T/rust_mozprofileAdTjg0"
1607900058758	addons.webextension.screenshots@mozilla.org	WARN	Loading extension 'screenshots@mozilla.org': Reading manifest: Invalid extension permission: mozillaAddons
1607900058758	addons.webextension.screenshots@mozilla.org	WARN	Loading extension 'screenshots@mozilla.org': Reading manifest: Invalid extension permission: telemetry
1607900058758	addons.webextension.screenshots@mozilla.org	WARN	Loading extension 'screenshots@mozilla.org': Reading manifest: Invalid extension permission: resource://pdf.js/
1607900058758	addons.webextension.screenshots@mozilla.org	WARN	Loading extension 'screenshots@mozilla.org': Reading manifest: Invalid extension permission: about:reader*
1607900060914	Marionette	INFO	Listening on port 55751
1607900060944	Marionette	WARN	TLS certificate errors will be ignored for this session
JavaScript warning: https://access.caltech.edu/res/access.caltech-cit_auth/js/jquery-1-3-2.min.js, line 19: unreachable code after return statement
JavaScript warning: https://access.caltech.edu/res/oracle/OA_HTML/US/CITSSS/webenr/webenrValidate.js, line 131: unreachable code after return statement
1607900237221	Marionette	INFO	Stopped listening on port 55751
1607900248944	geckodriver	INFO	Listening on 127.0.0.1:55863
1607900248960	mozrunner::runner	INFO	Running command: "/Applications/Firefox.app/Contents/MacOS/firefox-bin" "--marionette" "-foreground" "-no-remote" "-profile" "/var/folders/cv/xqmn6z1x6l39r_575wkj9b780000gn/T/rust_mozprofilej9I5vx"
1607900249421	addons.webextension.screenshots@mozilla.org	WARN	Loading extension 'screenshots@mozilla.org': Reading manifest: Invalid extension permission: mozillaAddons
1607900249421	addons.webextension.screenshots@mozilla.org	WARN	Loading extension 'screenshots@mozilla.org': Reading manifest: Invalid extension permission: telemetry
1607900249421	addons.webextension.screenshots@mozilla.org	WARN	Loading extension 'screenshots@mozilla.org': Reading manifest: Invalid extension permission: resource://pdf.js/
1607900249422	addons.webextension.screenshots@mozilla.org	WARN	Loading extension 'screenshots@mozilla.org': Reading manifest: Invalid extension permission: about:reader*
1607900251435	Marionette	INFO	Listening on port 55872
1607900251512	Marionette	WARN	TLS certificate errors will be ignored for this session
JavaScript warning: https://access.caltech.edu/res/access.caltech-cit_auth/js/jquery-1-3-2.min.js, line 19: unreachable code after return statement
JavaScript warning: https://access.caltech.edu/res/oracle/OA_HTML/US/CITSSS/webenr/webenrValidate.js, line 131: unreachable code after return statement
JavaScript warning: https://access.caltech.edu/res/oracle/OA_HTML/US/CITSSS/webenr/webenrValidate.js, line 131: unreachable code after return statement
1607900295422	geckodriver	INFO	Listening on 127.0.0.1:55926
1607900295433	mozrunner::runner	INFO	Running command: "/Applications/Firefox.app/Contents/MacOS/firefox-bin" "--marionette" "-foreground" "-no-remote" "-profile" "/var/folders/cv/xqmn6z1x6l39r_575wkj9b780000gn/T/rust_mozprofileLKvxTC"
1607900295903	addons.webextension.screenshots@mozilla.org	WARN	Loading extension 'screenshots@mozilla.org': Reading manifest: Invalid extension permission: mozillaAddons
1607900295903	addons.webextension.screenshots@mozilla.org	WARN	Loading extension 'screenshots@mozilla.org': Reading manifest: Invalid extension permission: telemetry
1607900295904	addons.webextension.screenshots@mozilla.org	WARN	Loading extension 'screenshots@mozilla.org': Reading manifest: Invalid extension permission: resource://pdf.js/
1607900295904	addons.webextension.screenshots@mozilla.org	WARN	Loading extension 'screenshots@mozilla.org': Reading manifest: Invalid extension permission: about:reader*
1607900298019	Marionette	INFO	Listening on port 55935
1607900298092	Marionette	WARN	TLS certificate errors will be ignored for this session
JavaScript warning: https://access.caltech.edu/res/access.caltech-cit_auth/js/jquery-1-3-2.min.js, line 19: unreachable code after return statement
JavaScript warning: https://access.caltech.edu/res/oracle/OA_HTML/US/CITSSS/webenr/webenrValidate.js, line 131: unreachable code after return statement
JavaScript warning: https://access.caltech.edu/res/oracle/OA_HTML/US/CITSSS/webenr/webenrValidate.js, line 131: unreachable code after return statement
1607900327927	geckodriver	INFO	Listening on 127.0.0.1:55995
1607900328943	mozrunner::runner	INFO	Running command: "/Applications/Firefox.app/Contents/MacOS/firefox-bin" "--marionette" "-foreground" "-no-remote" "-profile" "/var/folders/cv/xqmn6z1x6l39r_575wkj9b780000gn/T/rust_mozprofileshavZ5"
1607900329443	addons.webextension.screenshots@mozilla.org	WARN	Loading extension 'screenshots@mozilla.org': Reading manifest: Invalid extension permission: mozillaAddons
1607900329443	addons.webextension.screenshots@mozilla.org	WARN	Loading extension 'screenshots@mozilla.org': Reading manifest: Invalid extension permission: telemetry
1607900329443	addons.webextension.screenshots@mozilla.org	WARN	Loading extension 'screenshots@mozilla.org': Reading manifest: Invalid extension permission: resource://pdf.js/
1607900329443	addons.webextension.screenshots@mozilla.org	WARN	Loading extension 'screenshots@mozilla.org': Reading manifest: Invalid extension permission: about:reader*
1607900331702	Marionette	INFO	Listening on port 56006
1607900331803	Marionette	WARN	TLS certificate errors will be ignored for this session
JavaScript warning: https://access.caltech.edu/res/access.caltech-cit_auth/js/jquery-1-3-2.min.js, line 19: unreachable code after return statement
JavaScript warning: https://access.caltech.edu/res/oracle/OA_HTML/US/CITSSS/webenr/webenrValidate.js, line 131: unreachable code after return statement
JavaScript warning: https://access.caltech.edu/res/oracle/OA_HTML/US/CITSSS/webenr/webenrValidate.js, line 131: unreachable code after return statement
1607900352263	Marionette	INFO	Stopped listening on port 56006
1607900352543	Marionette	INFO	Stopped listening on port 55935
1607900353936	Marionette	INFO	Stopped listening on port 55872
1607900583424	geckodriver	INFO	Listening on 127.0.0.1:56066
1607900583435	mozrunner::runner	INFO	Running command: "/Applications/Firefox.app/Contents/MacOS/firefox-bin" "--marionette" "-foreground" "-no-remote" "-profile" "/var/folders/cv/xqmn6z1x6l39r_575wkj9b780000gn/T/rust_mozprofilewxNaX8"
1607900583944	addons.webextension.screenshots@mozilla.org	WARN	Loading extension 'screenshots@mozilla.org': Reading manifest: Invalid extension permission: mozillaAddons
1607900583944	addons.webextension.screenshots@mozilla.org	WARN	Loading extension 'screenshots@mozilla.org': Reading manifest: Invalid extension permission: telemetry
1607900583944	addons.webextension.screenshots@mozilla.org	WARN	Loading extension 'screenshots@mozilla.org': Reading manifest: Invalid extension permission: resource://pdf.js/
1607900583944	addons.webextension.screenshots@mozilla.org	WARN	Loading extension 'screenshots@mozilla.org': Reading manifest: Invalid extension permission: about:reader*
1607900586090	Marionette	INFO	Listening on port 56075
1607900586120	Marionette	WARN	TLS certificate errors will be ignored for this session
JavaScript warning: https://access.caltech.edu/res/access.caltech-cit_auth/js/jquery-1-3-2.min.js, line 19: unreachable code after return statement
JavaScript warning: https://access.caltech.edu/res/oracle/OA_HTML/US/CITSSS/webenr/webenrValidate.js, line 131: unreachable code after return statement
1607900640693	Marionette	INFO	Stopped listening on port 56075
1607900701336	geckodriver	INFO	Listening on 127.0.0.1:56125
1607900702350	mozrunner::runner	INFO	Running command: "/Applications/Firefox.app/Contents/MacOS/firefox-bin" "--marionette" "-foreground" "-no-remote" "-profile" "/var/folders/cv/xqmn6z1x6l39r_575wkj9b780000gn/T/rust_mozprofilemANHv7"
1607900702856	addons.webextension.screenshots@mozilla.org	WARN	Loading extension 'screenshots@mozilla.org': Reading manifest: Invalid extension permission: mozillaAddons
1607900702857	addons.webextension.screenshots@mozilla.org	WARN	Loading extension 'screenshots@mozilla.org': Reading manifest: Invalid extension permission: telemetry
1607900702857	addons.webextension.screenshots@mozilla.org	WARN	Loading extension 'screenshots@mozilla.org': Reading manifest: Invalid extension permission: resource://pdf.js/
1607900702857	addons.webextension.screenshots@mozilla.org	WARN	Loading extension 'screenshots@mozilla.org': Reading manifest: Invalid extension permission: about:reader*
1607900705126	Marionette	INFO	Listening on port 56136
1607900705133	Marionette	WARN	TLS certificate errors will be ignored for this session
JavaScript warning: https://access.caltech.edu/res/access.caltech-cit_auth/js/jquery-1-3-2.min.js, line 19: unreachable code after return statement
JavaScript warning: https://access.caltech.edu/res/oracle/OA_HTML/US/CITSSS/webenr/webenrValidate.js, line 131: unreachable code after return statement
JavaScript warning: https://access.caltech.edu/res/oracle/OA_HTML/US/CITSSS/webenr/webenrValidate.js, line 131: unreachable code after return statement
1607900742957	geckodriver	INFO	Listening on 127.0.0.1:56187
1607900742972	mozrunner::runner	INFO	Running command: "/Applications/Firefox.app/Contents/MacOS/firefox-bin" "--marionette" "-foreground" "-no-remote" "-profile" "/var/folders/cv/xqmn6z1x6l39r_575wkj9b780000gn/T/rust_mozprofileG0J2GJ"
1607900743437	addons.webextension.screenshots@mozilla.org	WARN	Loading extension 'screenshots@mozilla.org': Reading manifest: Invalid extension permission: mozillaAddons
1607900743437	addons.webextension.screenshots@mozilla.org	WARN	Loading extension 'screenshots@mozilla.org': Reading manifest: Invalid extension permission: telemetry
1607900743438	addons.webextension.screenshots@mozilla.org	WARN	Loading extension 'screenshots@mozilla.org': Reading manifest: Invalid extension permission: resource://pdf.js/
1607900743438	addons.webextension.screenshots@mozilla.org	WARN	Loading extension 'screenshots@mozilla.org': Reading manifest: Invalid extension permission: about:reader*
1607900745531	Marionette	INFO	Listening on port 56196
1607900745627	Marionette	WARN	TLS certificate errors will be ignored for this session
JavaScript warning: https://access.caltech.edu/res/access.caltech-cit_auth/js/jquery-1-3-2.min.js, line 19: unreachable code after return statement
JavaScript warning: https://access.caltech.edu/res/oracle/OA_HTML/US/CITSSS/webenr/webenrValidate.js, line 131: unreachable code after return statement
JavaScript warning: https://access.caltech.edu/res/oracle/OA_HTML/US/CITSSS/webenr/webenrValidate.js, line 131: unreachable code after return statement
JavaScript warning: https://access.caltech.edu/res/oracle/OA_HTML/US/CITSSS/webenr/webenrValidate.js, line 131: unreachable code after return statement
1607900764914	Marionette	INFO	Stopped listening on port 56196
1607900805337	Marionette	INFO	Stopped listening on port 56136
1607900833515	geckodriver	INFO	Listening on 127.0.0.1:56256
1607900833526	mozrunner::runner	INFO	Running command: "/Applications/Firefox.app/Contents/MacOS/firefox-bin" "--marionette" "-foreground" "-no-remote" "-profile" "/var/folders/cv/xqmn6z1x6l39r_575wkj9b780000gn/T/rust_mozprofileHTFtKD"
1607900834022	addons.webextension.screenshots@mozilla.org	WARN	Loading extension 'screenshots@mozilla.org': Reading manifest: Invalid extension permission: mozillaAddons
1607900834022	addons.webextension.screenshots@mozilla.org	WARN	Loading extension 'screenshots@mozilla.org': Reading manifest: Invalid extension permission: telemetry
1607900834022	addons.webextension.screenshots@mozilla.org	WARN	Loading extension 'screenshots@mozilla.org': Reading manifest: Invalid extension permission: resource://pdf.js/
1607900834022	addons.webextension.screenshots@mozilla.org	WARN	Loading extension 'screenshots@mozilla.org': Reading manifest: Invalid extension permission: about:reader*
1607900836430	Marionette	INFO	Listening on port 56265
1607900836505	Marionette	WARN	TLS certificate errors will be ignored for this session
JavaScript warning: https://access.caltech.edu/res/access.caltech-cit_auth/js/jquery-1-3-2.min.js, line 19: unreachable code after return statement
JavaScript warning: https://access.caltech.edu/res/oracle/OA_HTML/US/CITSSS/webenr/webenrValidate.js, line 131: unreachable code after return statement
JavaScript warning: https://access.caltech.edu/res/oracle/OA_HTML/US/CITSSS/webenr/webenrValidate.js, line 131: unreachable code after return statement
JavaScript warning: https://access.caltech.edu/res/oracle/OA_HTML/US/CITSSS/webenr/webenrValidate.js, line 131: unreachable code after return statement
1607900932080	Marionette	INFO	Stopped listening on port 56265
1607900946570	geckodriver	INFO	Listening on 127.0.0.1:56342
1607900946580	mozrunner::runner	INFO	Running command: "/Applications/Firefox.app/Contents/MacOS/firefox-bin" "--marionette" "-foreground" "-no-remote" "-profile" "/var/folders/cv/xqmn6z1x6l39r_575wkj9b780000gn/T/rust_mozprofileGBDCNE"
1607900947090	addons.webextension.screenshots@mozilla.org	WARN	Loading extension 'screenshots@mozilla.org': Reading manifest: Invalid extension permission: mozillaAddons
1607900947090	addons.webextension.screenshots@mozilla.org	WARN	Loading extension 'screenshots@mozilla.org': Reading manifest: Invalid extension permission: telemetry
1607900947091	addons.webextension.screenshots@mozilla.org	WARN	Loading extension 'screenshots@mozilla.org': Reading manifest: Invalid extension permission: resource://pdf.js/
1607900947091	addons.webextension.screenshots@mozilla.org	WARN	Loading extension 'screenshots@mozilla.org': Reading manifest: Invalid extension permission: about:reader*
1607900949215	Marionette	INFO	Listening on port 56351
1607900949226	Marionette	WARN	TLS certificate errors will be ignored for this session
JavaScript warning: https://access.caltech.edu/res/access.caltech-cit_auth/js/jquery-1-3-2.min.js, line 19: unreachable code after return statement
JavaScript warning: https://access.caltech.edu/res/oracle/OA_HTML/US/CITSSS/webenr/webenrValidate.js, line 131: unreachable code after return statement
1607900951588	Marionette	INFO	Stopped listening on port 56351
1607900979498	geckodriver	INFO	Listening on 127.0.0.1:56403
1607900979506	mozrunner::runner	INFO	Running command: "/Applications/Firefox.app/Contents/MacOS/firefox-bin" "--marionette" "-foreground" "-no-remote" "-profile" "/var/folders/cv/xqmn6z1x6l39r_575wkj9b780000gn/T/rust_mozprofileTXuaUW"
1607900979969	addons.webextension.screenshots@mozilla.org	WARN	Loading extension 'screenshots@mozilla.org': Reading manifest: Invalid extension permission: mozillaAddons
1607900979969	addons.webextension.screenshots@mozilla.org	WARN	Loading extension 'screenshots@mozilla.org': Reading manifest: Invalid extension permission: telemetry
1607900979970	addons.webextension.screenshots@mozilla.org	WARN	Loading extension 'screenshots@mozilla.org': Reading manifest: Invalid extension permission: resource://pdf.js/
1607900979970	addons.webextension.screenshots@mozilla.org	WARN	Loading extension 'screenshots@mozilla.org': Reading manifest: Invalid extension permission: about:reader*
1607900982047	Marionette	INFO	Listening on port 56412
1607900982076	Marionette	WARN	TLS certificate errors will be ignored for this session
JavaScript warning: https://access.caltech.edu/res/access.caltech-cit_auth/js/jquery-1-3-2.min.js, line 19: unreachable code after return statement
JavaScript warning: https://access.caltech.edu/res/oracle/OA_HTML/US/CITSSS/webenr/webenrValidate.js, line 131: unreachable code after return statement
JavaScript warning: https://access.caltech.edu/res/oracle/OA_HTML/US/CITSSS/webenr/webenrValidate.js, line 131: unreachable code after return statement
JavaScript warning: https://access.caltech.edu/res/oracle/OA_HTML/US/CITSSS/webenr/webenrValidate.js, line 131: unreachable code after return statement
